<?xml version="1.0" encoding="UTF-8"?>
<testsuites name="jest tests" tests="4" failures="0" errors="0" time="1.974">
  <testsuite name="&lt;VisionTest /&gt;" errors="0" failures="0" skipped="0" timestamp="2023-10-23T16:52:26" time="1.416" tests="4">
    <testcase classname="&lt;VisionTest /&gt; Should render correctly" name="&lt;VisionTest /&gt; Should render correctly" time="0.033">
    </testcase>
    <testcase classname="&lt;VisionTest /&gt; Should start the test" name="&lt;VisionTest /&gt; Should start the test" time="0.02">
    </testcase>
    <testcase classname="&lt;VisionTest /&gt; Should complete the test correctly" name="&lt;VisionTest /&gt; Should complete the test correctly" time="0.067">
    </testcase>
    <testcase classname="&lt;VisionTest /&gt; Should start a new test and finish it" name="&lt;VisionTest /&gt; Should start a new test and finish it" time="0.112">
    </testcase>
  </testsuite>
</testsuites>